1. 2Sat
2. Aho Corasick
3. Basic Geometry
4. Centroid Decomposition
5. Dijkstra Algo
6. Disjoint Set Union
7. Divide and Conquer
8. Dynamic Connectivity Probs
9. Dynamic Programming Bitmask
10. Dynamic Programming Digit
11. Dynamic Programming Lexicographically
12. Dynamic Programming On Broken Profile
13. Euler Circuit
14. Euler Totient Function
15. Euler Tour on Tree
16. Floyd Algo
17. Gaussian Elimination
18. Geometric Progression
19. HLD
20. Johnson Algo
21. Knuth-Morris-Pratt
22. Linear Diophantine Equation
23. Matrix Multiplycation
24. MaxFlow and Related Probs
25. Maximum Matching on Biparite Graph
26. Meet in the middle
27. Minimum Spanning Tree
28. Number Sequence
29. Parallel Binary Search
30. Pick's Theorem
31. Segment Tree (1D, 2D, Persistent)
32. Sparse Table
33. Splay fuck
34. Sqrt Decomposition
35. SweepLine
36. 2Vertex Connectivity
37. 2edge Connectivity
38. BIT 1D, BIT2D
39. Bellman Ford
40. Big Number
41. Cayley's Formula
42. Combinatorics
43. Dynamic Programming Optimization / + Greedy Observations
44. Hashing
45. Inclusion Exclusion Principle
46. Two Pointers
47. Convex Hull
48. DAG and Topological Sortings
49. Dynamic Programming On Tree
50. Dynamic Programming Simple
51. Inverse Modulo
52. Polygon
53. Tarjan Algo
54. bRutE fOrcE
55. Binary Search
56. Deque / Stack
57. Fucking Greedy
