473719235
590389407
567089287
596094240
929868572
182414926
494758592
855443180
220167476
712920295
742545054
918427435
337397845
392002134
136691205
334866767
189428671
385738734
796132315
258886035
936307790
699111472
952619526
446087522
893461711
270392081
208043779
47845304
638905606
246686692
611355112
351012549
532468620
432493805
975389051
974553447
598020844
892168721
599265145
616201685
751235717
937552342
640749043
466892027
949118461
280239835
542420796
818697104
124823902
364204627
159625560
814204598
579090771
80666603
104936167
137905752
437244711
424401411
326574773
847524867
22491822
21971439
538363971
214933025
346945165
953819523
518074710
249760207
721952920
319040664
577192353
745459643
778323094
195184829
63630805
663807653
573554758
812931261
199029420
65812258
67502353
22177235
303440198
502923209
644619426
341907837
681312631
497942395
45515888
518883748
140749495
738361070
958895707
635156060
624905432
869930296
361050859
541309041
862164538
56788100
