92 72 106 60 78 104 109 41 72 83 90 104 88 41 80 94 100 40 106 87 88 99 90 101 54 106 54 80 104 51 94 100 59 42 0 0 13 25 3 19 11 2 24 64 15 0 18 5 16 15 60 31 16 35 7 3 36 6 8 0 51 0 39 10 23 38 106 2 8 66 53 54 2 13 25 5 47 3 63 18 5 55 22 27 10 19 56 94 110 107 110 99 49 103 28 106 40 40 53 66 
109 105 105 95 63 90 86 105 102 68 92 77 105 91 81 104 107 96 91 58 89 98 108 56 67 110 103 55 102 14 4 66 81 8 33 3 22 24 21 14 11 3 49 1 25 18 23 15 34 4 2 32 95 74 53 12 13 14 79 37 2 17 1 86 17 51 87 70 4 5 0 99 23 19 17 13 33 1 71 83 11 2 24 39 53 11 76 101 108 100 76 82 86 110 49 65 96 92 71 63 
21 108 98 80 107 46 96 16 75 68 80 45 102 96 54 8 104 50 73 46 24 78 97 104 74 24 35 15 18 4 34 1 11 24 11 0 36 0 4 10 14 2 38 2 59 35 16 32 6 7 13 1 9 29 34 7 10 12 10 8 2 15 6 92 36 49 99 17 3 23 64 98 3 8 37 100 88 37 75 65 3 12 5 10 88 64 62 70 71 81 61 110 86 91 106 82 65 62 69 96 
74 69 102 53 95 100 103 54 72 70 97 90 79 109 90 38 47 72 101 45 104 28 74 105 44 44 45 17 10 9 9 1 36 55 21 56 2 41 37 42 15 64 3 0 2 28 39 7 38 25 46 55 4 12 7 33 43 50 14 64 19 52 8 93 0 32 108 16 68 81 3 108 14 2 32 107 90 99 93 91 62 41 17 76 102 103 43 102 74 89 101 81 68 103 63 50 81 61 105 97 
101 14 83 70 103 52 73 103 108 95 97 49 89 106 53 0 10 54 14 36 3 9 44 12 54 31 48 7 2 8 10 66 5 3 37 1 50 23 14 39 43 26 33 1 18 6 2 10 9 5 64 20 70 48 4 32 43 44 24 20 0 27 40 88 3 34 79 104 16 108 48 107 37 13 27 83 106 104 28 102 101 9 4 105 81 105 47 106 51 48 98 101 103 89 34 64 81 67 88 100 
73 17 42 4 4 34 38 5 69 21 43 49 66 37 42 27 6 1 5 21 25 21 55 18 65 42 28 0 2 7 19 19 6 10 6 18 45 48 16 9 16 30 25 0 50 1 38 92 91 110 106 92 84 104 108 92 84 81 106 82 103 103 97 86 83 61 75 97 81 33 101 102 68 96 8 45 83 105 83 54 37 87 37 104 55 71 61 80 79 103 84 97 39 90 104 104 95 54 82 57 
23 94 93 86 53 89 39 9 83 6 3 44 31 53 12 4 3 94 46 33 79 23 3 25 4 26 4 43 34 36 28 0 6 7 12 27 1 3 0 61 32 1 44 23 35 5 43 23 24 6 2 19 13 13 52 23 33 0 1 38 20 16 26 104 1 15 107 105 1 105 108 69 41 35 10 81 75 94 110 83 104 38 66 79 11 31 38 48 75 44 98 83 98 93 37 88 83 82 53 88 
108 61 87 74 89 96 78 104 60 95 88 73 41 103 35 48 7 53 17 15 45 23 22 10 77 33 30 0 46 70 17 28 43 12 21 25 41 10 9 24 25 15 39 46 67 4 0 3 2 6 6 0 18 51 63 8 39 0 1 22 46 49 3 25 6 1 109 71 42 70 106 91 95 36 1 68 108 103 36 90 89 90 85 71 105 80 87 20 108 74 96 95 110 77 78 79 102 31 96 94 
95 58 109 76 47 83 71 83 76 102 81 33 78 110 34 10 27 3 43 51 35 76 39 71 26 35 30 1 11 32 32 2 4 24 92 60 18 9 0 18 23 8 0 31 37 15 16 34 7 1 6 11 15 0 7 24 13 6 4 31 36 10 3 110 0 65 77 72 15 84 54 78 63 40 7 73 54 105 72 102 89 75 21 90 39 100 51 103 73 106 73 69 109 101 73 25 72 106 96 109 
78 40 38 106 88 103 91 100 103 83 57 34 78 33 10 0 10 19 18 26 32 22 17 6 52 29 4 82 10 25 46 16 47 59 4 0 6 7 16 16 50 27 13 25 5 40 10 42 2 4 1 13 1 36 14 12 60 82 6 37 38 42 11 102 36 26 104 93 15 65 101 92 110 69 23 99 65 10 100 36 62 76 97 85 96 71 108 59 50 75 61 102 104 90 51 49 97 80 85 82 
101 62 102 78 81 108 90 84 89 100 71 16 83 40 91 3 40 0 77 20 29 44 51 16 78 29 76 1 27 87 28 19 2 55 14 47 15 41 60 1 8 40 62 15 34 6 53 9 35 8 49 28 0 85 21 6 0 52 4 80 34 28 23 14 64 41 97 63 55 86 38 110 91 59 52 75 81 41 21 95 93 100 79 97 38 107 110 40 100 104 110 92 73 92 41 48 29 105 57 64 
49 79 87 88 108 107 85 88 27 8 61 1 2 1 48 56 37 52 7 82 4 40 62 33 71 0 2 30 13 8 69 54 15 50 0 6 8 43 28 51 7 67 23 30 12 55 84 1 8 28 17 16 20 26 28 47 2 2 55 17 18 39 42 74 20 25 61 51 22 46 107 77 99 15 9 65 105 43 96 72 43 77 93 17 109 36 104 68 75 103 89 60 68 86 48 43 106 22 94 106 
71 94 105 98 84 29 54 45 3 0 34 32 5 3 0 6 67 22 56 6 5 41 52 64 29 6 47 1 67 46 4 3 37 1 12 8 21 49 49 1 38 75 72 63 0 5 23 71 0 2 51 59 5 0 20 22 17 10 49 11 20 94 22 77 73 63 65 83 37 95 55 56 109 77 82 60 103 101 102 103 80 110 94 99 109 103 101 78 89 71 57 101 105 68 50 97 96 81 82 110 
75 104 102 59 46 79 61 55 34 108 56 0 52 11 23 56 2 23 15 71 11 44 2 27 65 3 14 7 11 6 63 34 46 1 26 46 22 17 16 33 13 54 4 48 5 72 1 59 8 6 20 24 34 1 16 30 5 50 19 1 47 98 5 88 78 34 106 75 26 86 108 80 34 49 8 20 87 84 101 104 73 81 94 65 75 65 109 86 80 95 97 90 101 106 66 87 80 47 108 108 
100 106 92 28 11 46 41 34 80 3 34 1 5 36 1 7 6 18 1 7 6 20 72 31 8 8 1 3 2 30 75 42 22 15 30 2 14 19 11 10 2 6 2 18 29 24 59 54 8 39 18 17 50 78 26 16 84 27 35 107 44 59 36 80 79 92 106 82 2 20 74 83 65 68 82 31 64 41 85 94 21 105 109 92 83 66 51 84 81 94 89 61 89 78 90 110 106 97 108 59 
28 109 46 53 76 65 47 82 75 5 5 5 35 9 22 15 21 7 16 8 2 69 27 48 30 1 10 34 36 17 4 29 85 2 14 22 26 20 0 13 46 47 54 48 42 81 33 1 10 36 42 83 68 54 33 9 102 2 8 85 39 96 72 99 102 71 53 68 51 80 66 71 105 90 6 88 51 99 80 107 78 78 104 86 95 102 107 41 109 90 59 54 77 45 51 38 90 35 96 77 
97 104 26 110 99 9 0 63 15 41 37 10 13 50 44 4 66 14 39 26 28 35 29 25 44 15 11 12 61 10 20 13 7 11 25 11 2 39 28 36 27 20 2 3 32 56 100 12 12 1 105 66 96 42 26 12 103 63 17 98 23 83 68 81 104 105 5 100 97 103 97 42 100 104 85 105 105 97 39 103 26 95 59 105 57 66 30 21 8 44 0 18 62 79 18 76 81 81 89 55 
51 16 8 33 40 11 6 23 5 8 43 69 17 28 2 5 23 6 12 13 74 0 3 22 18 17 48 68 61 89 13 31 25 45 32 2 25 14 0 56 33 8 15 34 8 7 44 21 13 0 103 98 68 96 110 27 103 16 87 58 80 102 99 12 101 96 106 91 91 104 110 97 101 56 88 91 89 39 100 61 107 78 95 65 109 89 101 87 102 92 35 105 96 104 94 102 105 94 100 82 
19 19 32 47 1 0 20 11 15 8 33 24 0 16 84 15 31 71 63 16 26 25 66 39 44 52 16 15 4 31 8 7 8 33 4 13 38 15 1 45 31 19 19 25 7 11 21 37 10 46 63 97 105 54 108 73 12 45 68 105 86 62 84 92 89 64 97 100 89 44 22 100 110 64 64 53 106 86 88 83 62 98 100 60 79 81 107 92 46 97 63 94 92 98 47 66 87 108 46 87 
100 70 106 5 43 4 31 4 0 38 1 4 23 16 56 32 73 21 94 17 26 1 52 35 29 7 25 79 13 3 39 33 16 84 15 47 51 38 9 6 6 28 30 25 16 72 85 47 16 12 102 87 73 70 49 72 103 0 35 89 106 50 94 67 91 74 0 52 39 93 87 108 93 85 90 73 92 78 94 63 105 88 101 107 98 62 34 9 14 62 40 4 109 75 37 73 90 107 77 98 
78 17 31 7 27 49 58 16 22 13 24 35 7 77 0 28 3 27 0 3 6 8 27 30 14 52 25 30 9 32 29 26 2 3 3 0 67 19 42 10 56 13 56 14 71 95 3 9 14 80 72 83 92 86 73 107 103 24 78 82 25 37 77 65 91 96 36 97 88 56 35 64 104 101 90 9 104 31 54 80 91 99 59 86 103 15 63 41 8 7 72 78 62 11 92 67 25 107 92 72 
109 101 105 27 82 1 17 14 22 58 9 0 12 29 11 42 10 14 1 5 1 5 57 37 30 63 11 36 21 0 67 7 30 77 41 18 45 16 7 32 1 67 3 95 31 38 0 3 1 63 69 101 103 96 58 74 96 22 104 71 81 109 29 50 68 91 2 74 65 100 95 104 83 94 91 31 80 26 16 68 80 97 91 92 67 52 72 19 2 37 29 89 30 66 99 89 103 76 75 53 
72 15 13 6 37 12 11 42 6 2 10 31 31 43 1 72 16 0 12 8 3 34 25 35 13 83 64 7 9 63 73 73 70 1 4 18 17 2 10 24 21 58 43 16 3 26 13 47 72 100 74 58 79 107 101 83 103 86 84 99 46 104 82 93 88 81 101 85 109 106 89 72 62 88 99 94 20 53 57 102 106 101 89 93 29 93 102 17 109 52 99 100 35 25 94 107 103 90 56 77 
94 40 15 13 26 48 7 44 10 28 0 5 45 28 7 35 17 42 20 3 68 44 7 8 15 54 49 21 1 0 57 8 16 34 0 7 34 12 13 85 53 81 3 78 4 15 42 50 17 40 91 85 99 96 102 98 92 29 45 92 55 27 102 105 59 78 24 102 103 76 110 81 20 36 109 105 103 79 79 80 76 78 16 90 107 103 92 62 3 33 7 106 102 98 39 91 98 108 101 99 
67 49 57 64 84 54 16 30 51 20 37 2 36 8 1 8 0 10 19 6 38 42 56 21 23 3 10 20 23 61 45 6 16 0 71 26 41 9 23 7 4 19 31 2 26 24 93 70 1 56 76 108 93 104 69 78 106 87 88 76 62 73 77 101 105 54 18 87 7 22 110 107 102 74 56 55 88 109 90 103 107 101 83 24 9 105 33 25 8 4 5 106 57 104 73 57 86 91 110 79 
98 13 5 48 27 16 12 8 1 5 4 0 46 37 36 15 60 25 18 57 28 10 6 16 25 64 38 47 58 13 0 51 4 2 22 1 1 12 9 33 33 6 30 2 54 17 0 88 64 15 78 88 33 92 75 88 78 106 103 73 104 26 104 104 96 58 78 96 91 75 95 94 82 95 110 85 86 110 98 49 74 102 91 99 99 25 104 4 4 10 2 8 0 8 18 33 85 14 91 62 
13 83 14 51 29 1 9 41 3 43 25 3 13 28 8 15 28 3 37 10 14 58 52 24 2 1 49 6 0 47 81 4 15 18 53 32 10 7 26 25 38 5 21 62 17 9 1 14 14 21 71 68 68 95 66 46 102 108 56 77 86 95 101 47 103 70 8 81 65 85 109 106 105 100 93 100 104 106 91 60 63 7 32 5 87 13 58 100 30 37 36 40 72 3 6 107 18 12 96 21 
47 35 2 25 89 50 14 6 8 0 38 62 8 58 60 17 7 53 3 4 26 68 3 9 2 13 58 33 8 3 36 17 13 7 17 12 1 7 26 35 20 35 67 12 6 18 2 53 76 10 109 45 105 24 106 98 93 83 78 57 102 91 97 98 101 87 17 58 66 49 83 85 10 106 96 90 84 110 108 108 54 98 65 51 107 79 102 2 63 12 7 3 3 25 39 90 69 72 55 37 
22 36 11 37 51 20 1 2 62 47 11 6 28 3 13 74 38 17 8 15 53 0 45 17 37 0 1 9 49 35 39 48 3 2 13 18 6 62 34 36 32 20 29 39 47 4 27 84 50 90 64 99 89 104 58 64 102 106 91 99 80 86 84 106 91 20 35 34 88 87 92 106 79 99 100 64 80 98 10 85 40 81 102 100 106 107 88 58 26 59 18 22 14 17 51 95 67 46 72 59 
84 67 3 18 37 10 60 33 15 16 0 11 28 0 3 50 6 6 64 5 23 2 17 66 16 39 2 4 28 35 10 71 24 2 95 65 0 21 85 79 16 7 41 3 2 53 84 12 70 110 46 109 76 102 40 106 93 90 93 99 100 79 110 66 107 109 22 103 100 34 68 85 78 82 84 78 97 87 101 80 19 99 63 95 78 96 49 7 47 15 55 103 103 47 2 68 67 62 103 48 
12 28 28 5 20 57 18 16 0 66 5 7 22 37 2 10 11 57 10 8 47 86 2 0 11 3 8 38 18 45 30 20 32 9 10 7 39 12 58 13 54 40 28 60 74 81 97 11 102 93 22 108 100 70 75 85 41 78 106 38 110 55 91 90 77 51 1 88 32 107 66 104 92 108 96 35 98 93 78 58 103 48 85 75 99 103 79 32 0 2 23 9 74 108 90 6 107 84 94 93 
16 0 6 3 14 77 36 0 18 2 73 35 65 25 1 2 39 29 35 8 3 33 40 0 1 41 33 35 8 2 46 36 94 67 13 5 1 2 51 16 83 2 25 56 2 103 93 4 99 81 43 107 110 107 73 84 93 85 42 81 50 98 105 78 82 52 35 69 75 19 50 86 108 104 101 77 25 24 91 93 70 98 110 57 101 84 107 16 10 69 5 16 31 11 63 71 29 48 36 10 
43 34 0 27 1 58 2 59 9 81 4 21 26 69 15 47 14 11 17 6 10 8 62 3 4 29 4 0 5 12 47 11 66 47 12 2 34 11 37 3 12 9 22 26 85 18 83 63 71 82 55 41 65 45 93 58 107 102 100 101 86 48 84 89 35 49 23 44 78 89 106 100 98 95 110 51 83 92 92 98 74 53 98 100 82 70 94 7 62 25 106 99 54 33 26 43 70 36 73 104 
13 7 2 2 3 70 69 52 84 73 14 0 6 17 69 25 11 12 32 12 40 2 26 0 17 0 12 13 10 35 21 13 31 75 1 17 3 25 13 11 13 2 3 37 16 1 19 67 62 40 95 88 107 96 96 69 109 101 80 76 71 87 89 104 76 106 81 85 76 88 92 91 39 67 98 19 71 45 34 84 108 105 85 24 67 99 98 40 46 4 61 38 19 19 9 24 88 68 43 10 
31 45 3 6 7 42 51 6 4 23 12 10 41 7 65 33 30 25 43 11 4 50 92 9 8 2 70 62 66 4 36 1 15 20 39 46 8 29 30 5 72 0 65 110 59 56 27 29 94 93 8 61 99 106 110 93 70 78 29 59 110 65 59 81 71 109 5 102 45 109 109 41 88 64 77 104 92 91 109 101 52 39 97 104 88 63 106 29 2 61 10 50 25 0 5 92 8 43 24 12 
74 55 25 25 5 10 16 77 66 54 8 9 13 6 3 30 46 17 2 58 24 80 3 1 7 25 4 11 11 43 14 25 47 0 10 2 31 51 36 24 62 80 15 105 100 95 59 59 67 85 84 102 91 107 87 58 105 75 75 90 23 86 110 109 110 54 20 53 105 37 37 110 41 68 40 98 105 86 41 47 98 109 108 79 100 48 82 19 16 43 0 6 3 6 36 98 103 58 6 21 
12 11 13 79 72 12 0 40 74 4 26 15 66 13 6 1 4 0 21 2 40 7 32 5 51 26 22 29 23 39 53 67 3 68 29 34 5 11 41 9 2 41 9 108 62 62 2 63 103 108 77 100 78 56 34 33 91 35 79 70 99 88 79 48 101 104 18 63 40 66 108 102 108 55 101 103 104 79 77 94 51 104 61 101 110 93 98 27 33 28 41 10 73 26 1 80 93 109 56 12 
35 2 0 18 39 6 34 32 17 25 7 3 2 13 2 3 25 82 61 10 36 45 2 48 73 14 70 2 11 53 2 45 24 23 28 27 88 10 25 66 71 1 61 50 34 25 51 107 97 75 108 89 40 71 77 45 90 110 106 107 55 91 96 109 99 85 8 97 108 49 99 87 80 83 101 101 43 91 36 88 91 31 5 100 100 107 108 57 43 103 99 100 62 19 95 99 72 90 105 89 
2 0 0 9 20 30 1 1 23 9 29 18 17 8 28 36 14 24 77 81 39 2 9 27 10 4 49 15 23 14 6 6 52 2 1 5 47 33 3 20 42 5 35 19 21 23 9 98 91 78 21 106 102 97 99 89 109 68 43 89 108 37 76 109 89 71 35 59 106 97 63 96 97 102 106 105 53 87 95 99 57 86 43 103 103 61 86 62 23 3 23 17 71 70 35 39 14 76 10 15 
5 0 4 2 46 45 18 5 46 12 26 6 60 0 68 10 39 19 5 31 79 17 22 9 67 1 19 85 2 42 40 24 28 27 54 32 21 56 53 15 38 10 46 82 4 56 71 89 78 84 98 105 101 67 90 105 102 84 99 100 41 55 97 76 69 88 95 77 56 43 86 86 104 105 104 30 110 91 66 28 21 107 54 62 10 75 28 51 36 80 108 62 82 49 47 10 5 21 2 7 
6 53 44 1 43 39 14 37 2 49 2 57 13 82 1 29 69 42 6 37 22 8 43 0 55 2 7 13 32 30 23 21 8 0 15 17 29 64 60 14 7 0 57 1 7 3 14 109 65 102 35 107 68 99 82 105 68 110 90 94 79 57 101 74 80 93 47 90 79 60 105 69 97 90 98 93 100 84 101 100 101 65 107 89 82 58 13 16 16 69 57 7 25 3 31 18 18 66 8 7 
1 17 29 28 31 18 6 57 44 3 14 0 88 4 15 40 2 39 31 52 14 28 4 32 0 52 0 8 0 15 4 25 30 54 4 0 7 6 8 97 47 61 14 34 87 105 63 78 85 52 86 26 93 36 109 83 108 100 101 101 94 70 106 37 71 103 59 91 62 105 70 60 101 92 83 84 46 71 34 79 101 98 87 103 94 69 80 73 1 7 3 13 44 17 40 13 2 7 36 45 
50 11 3 22 26 31 26 50 0 40 13 28 36 49 97 21 35 91 2 4 44 17 1 24 48 3 16 0 3 28 18 47 76 60 43 50 26 54 21 57 12 38 15 73 73 78 48 87 26 92 105 43 51 100 87 104 101 17 82 44 31 106 107 104 48 43 100 39 108 103 108 50 43 82 27 58 106 85 109 54 93 108 77 84 83 48 92 69 5 105 40 53 91 32 91 92 110 98 39 77 
7 3 39 13 87 1 12 3 5 21 31 0 30 36 44 15 34 35 52 70 14 18 11 5 5 0 14 4 48 4 1 30 9 67 23 23 14 50 42 18 33 7 47 6 8 26 1 62 107 54 59 54 72 42 34 101 106 67 70 33 93 109 91 74 86 82 87 58 55 105 93 63 69 92 98 69 66 56 65 60 72 102 68 83 79 62 106 90 56 95 107 52 82 91 86 88 5 88 11 2 
4 16 7 99 8 12 46 4 38 46 19 10 29 16 9 28 1 10 19 6 0 7 27 44 59 3 84 19 13 23 39 58 57 51 1 45 3 5 39 9 20 21 7 97 68 58 18 106 102 57 80 74 97 102 56 53 79 101 73 89 104 62 100 69 81 83 54 64 88 104 78 64 70 97 95 50 107 106 97 79 108 51 91 49 90 102 54 96 34 16 11 20 18 44 58 8 0 45 13 17 
9 8 4 12 51 2 30 14 7 2 44 22 46 25 26 10 17 27 1 18 2 11 12 39 71 13 19 3 30 30 50 37 22 21 16 6 31 8 3 16 84 2 39 30 32 23 6 69 73 110 82 12 94 34 36 108 33 61 109 46 110 92 85 31 58 90 90 103 86 72 27 41 88 107 85 68 47 88 81 58 97 105 76 106 98 96 95 108 108 73 15 82 7 22 34 2 17 10 0 22 
24 48 28 2 73 7 0 5 62 13 38 93 27 21 13 29 11 9 0 17 0 38 45 22 47 4 9 82 6 2 84 28 30 47 26 4 0 30 2 4 28 24 26 86 10 66 15 95 71 50 95 35 94 62 88 67 96 38 63 98 79 59 63 108 97 100 57 107 66 53 97 89 102 110 55 83 70 43 109 93 102 107 88 66 27 107 98 65 41 46 94 94 57 13 70 60 2 9 39 1 
7 53 2 3 11 92 9 21 52 32 72 12 4 8 7 9 4 23 8 9 53 13 29 4 53 78 32 4 44 45 9 71 18 43 53 17 2 76 12 12 13 9 58 83 51 65 108 99 107 59 109 98 64 95 20 64 92 108 52 44 78 95 94 88 91 106 95 109 81 64 89 92 102 71 45 109 80 68 97 99 110 104 43 39 96 91 110 98 108 82 88 101 12 39 30 7 24 46 34 35 
35 44 33 72 11 10 52 36 43 7 22 12 5 35 25 54 24 1 19 12 11 29 54 42 18 23 30 53 42 16 61 32 0 39 10 22 4 29 6 11 37 19 58 64 26 100 72 31 90 57 106 80 95 39 89 97 95 91 79 109 75 85 91 81 104 68 94 100 92 54 34 100 73 109 103 105 74 53 61 96 102 94 99 87 16 106 60 59 89 73 25 0 22 26 11 18 34 79 20 18 
78 4 31 2 53 8 3 12 13 9 31 14 32 18 37 7 15 0 3 5 30 31 26 5 11 11 20 7 6 24 16 36 4 60 14 25 84 80 28 47 8 16 40 41 30 14 2 86 103 93 110 85 55 65 96 42 81 68 88 99 10 92 89 81 73 56 97 106 99 32 98 77 102 98 84 8 18 51 63 72 94 83 99 86 78 93 13 81 47 108 28 61 44 79 16 33 51 2 75 10 
38 66 19 35 28 56 5 40 6 18 63 49 6 42 66 27 35 10 41 28 41 37 92 46 6 12 1 0 27 16 31 15 34 34 7 43 12 86 2 5 62 49 19 57 72 33 7 94 41 77 60 30 9 107 98 61 64 81 98 104 50 55 80 77 110 108 77 64 83 49 110 94 108 80 71 105 85 16 81 60 56 82 88 98 10 2 96 34 48 88 87 30 3 55 37 24 17 11 5 2 
42 4 38 2 3 22 45 53 2 37 7 33 8 37 85 35 19 44 51 41 30 10 35 5 82 30 1 9 11 8 23 10 36 97 28 30 72 89 1 44 26 42 94 86 103 54 104 83 52 103 52 28 67 82 101 100 83 98 101 100 78 103 101 74 59 104 109 98 108 100 88 63 110 95 78 95 47 37 66 46 104 15 38 38 19 6 67 44 100 88 60 82 79 45 100 41 105 21 50 86 
96 77 55 32 51 52 1 25 78 8 6 13 9 49 11 76 29 44 4 43 69 0 12 32 48 28 61 2 41 17 90 60 73 85 27 63 80 31 31 22 17 8 92 84 91 25 1 32 94 96 53 75 46 79 101 70 22 33 97 90 97 108 94 74 68 92 55 101 89 101 92 22 1 5 6 30 82 23 23 26 50 10 80 2 64 17 1 27 92 70 60 42 110 12 98 82 88 46 63 109 
93 101 1 62 46 32 9 0 26 5 16 39 14 72 5 90 53 55 61 16 55 14 40 19 7 1 28 19 8 1 56 23 9 100 13 93 96 100 22 2 22 36 94 86 108 92 70 42 89 102 83 73 99 74 107 71 92 99 49 84 74 107 98 76 79 60 105 18 0 10 32 62 1 3 6 5 58 21 26 41 87 23 14 1 25 41 25 103 66 58 104 74 107 59 104 54 99 96 102 87 
20 2 13 3 2 21 38 4 8 43 8 60 2 1 19 103 97 7 14 0 86 41 37 76 68 57 27 35 44 82 12 26 38 90 93 104 106 97 109 51 16 19 90 32 104 60 50 85 100 97 32 102 105 70 103 54 100 94 90 97 87 85 1 86 2 83 56 78 36 10 15 7 58 13 11 17 2 26 36 25 12 1 0 44 16 2 63 101 102 28 98 108 48 27 99 91 109 31 97 75 
32 9 25 3 30 0 3 11 9 2 8 8 3 70 65 108 109 16 20 85 0 14 15 93 40 46 90 20 35 10 13 12 86 107 106 78 25 66 73 104 15 17 98 72 88 104 63 106 92 47 74 100 76 61 100 88 57 81 69 90 109 78 23 77 59 1 96 89 19 56 29 3 24 13 19 33 19 11 20 7 55 1 39 35 14 7 17 92 61 55 102 74 26 81 57 99 60 93 71 82 
3 66 32 28 1 40 10 1 66 2 17 64 64 12 104 73 78 12 69 48 41 61 78 45 12 39 93 32 25 1 52 95 76 34 84 83 70 70 89 54 67 12 74 85 53 65 86 42 105 87 95 102 54 89 93 93 107 74 81 97 6 17 48 3 40 32 70 4 18 1 38 2 64 17 10 35 1 34 10 77 4 59 1 23 17 1 4 94 98 86 99 33 60 50 73 101 99 81 37 82 
25 0 42 47 59 61 30 2 30 12 64 40 57 39 100 110 106 39 100 108 51 18 104 92 49 18 57 38 95 31 1 104 83 97 87 105 85 93 102 106 11 82 49 108 110 99 106 80 87 69 98 31 103 80 109 59 22 86 55 37 20 31 53 19 38 56 82 4 23 67 22 3 15 32 58 6 12 61 20 3 27 76 8 19 25 58 57 80 73 83 108 104 69 103 93 94 82 107 23 34 
0 27 12 6 25 90 17 34 2 1 102 71 11 70 69 96 82 4 83 76 19 10 83 89 28 47 56 1 83 83 61 64 80 101 89 27 89 82 77 104 72 37 93 105 102 88 96 95 100 96 106 95 93 97 44 110 109 16 23 7 84 4 17 29 49 54 88 7 4 12 0 13 87 42 19 55 44 3 10 28 0 50 11 33 11 7 0 66 88 94 45 90 74 94 100 62 103 61 22 6 
36 5 21 0 60 20 27 63 48 53 12 106 26 34 62 70 75 70 71 104 10 58 77 103 65 57 110 38 103 66 6 99 54 74 98 62 68 84 67 73 31 4 82 81 33 88 53 102 57 96 100 100 86 108 57 69 30 38 26 34 10 0 8 30 43 7 101 41 38 65 24 10 59 11 2 1 38 10 4 25 48 35 64 16 2 40 18 97 107 82 78 101 97 36 38 50 0 38 42 56 
106 25 8 23 38 28 25 92 17 47 62 73 52 90 42 33 106 21 102 40 27 36 82 95 3 102 28 32 77 97 97 102 15 29 106 53 56 84 62 68 55 53 106 81 79 70 6 83 89 72 15 63 35 40 6 5 12 41 40 55 4 2 46 37 6 6 78 36 4 15 44 55 47 42 1 40 8 0 0 19 0 0 19 5 15 62 16 101 106 75 31 106 97 44 102 66 87 84 79 47 
70 40 39 0 66 33 7 78 35 17 61 65 0 95 109 96 73 0 98 73 61 2 18 55 22 99 91 2 86 77 107 55 108 67 99 94 69 99 99 81 63 52 42 22 2 5 76 102 23 63 11 13 35 17 19 65 0 22 6 8 58 86 18 20 18 2 84 44 5 6 6 28 0 2 60 12 48 1 84 35 35 9 52 40 42 19 30 95 91 55 60 110 32 93 62 101 110 107 96 98 
1 5 23 27 2 10 60 47 34 64 90 82 28 107 108 106 108 69 94 84 76 48 55 82 25 106 98 5 110 13 78 98 73 50 93 90 110 70 41 98 14 53 92 110 77 28 29 65 32 80 3 18 72 5 2 0 37 10 5 4 4 38 60 1 51 89 83 30 19 65 77 67 8 49 68 6 49 15 13 26 2 2 15 2 15 8 14 85 110 86 99 109 106 84 77 53 74 21 11 2 
2 57 71 4 22 38 6 65 27 63 103 94 8 61 108 93 100 61 52 41 92 98 59 98 54 61 65 45 107 70 50 85 104 76 109 94 96 104 94 101 16 94 39 100 68 99 56 42 89 17 44 20 5 47 0 15 13 15 75 4 78 6 26 7 2 45 106 13 35 10 63 83 3 56 38 38 7 4 4 2 12 5 3 88 3 3 90 108 89 45 78 89 97 78 38 4 15 15 72 30 
24 30 0 53 19 44 25 74 27 5 91 98 83 63 49 89 107 107 90 105 91 105 105 101 97 100 47 4 97 89 37 93 93 69 110 64 90 78 99 106 45 108 82 92 61 49 0 7 0 7 8 65 30 20 11 12 38 35 21 26 41 10 15 17 0 0 46 46 16 31 1 36 28 49 83 37 17 9 57 51 1 73 32 21 1 22 27 71 84 87 41 107 57 36 105 105 76 53 103 36 
2 18 20 12 12 5 108 95 96 34 33 93 106 73 77 70 100 74 81 80 71 100 53 32 92 11 105 96 76 110 96 82 50 42 63 52 97 54 23 86 81 107 75 89 35 86 3 93 96 104 110 82 71 6 41 32 15 69 49 64 59 19 68 2 11 59 106 23 14 33 8 2 33 3 31 0 50 44 30 13 18 10 74 12 1 20 29 75 63 13 92 85 16 12 23 66 24 5 24 54 
35 33 20 16 41 19 44 104 85 101 21 105 57 58 102 99 98 83 75 99 106 58 27 90 84 56 98 42 21 46 44 63 86 98 62 63 102 27 78 106 42 83 53 100 110 107 87 64 9 79 54 5 25 35 60 45 10 51 14 19 16 15 58 23 51 22 96 29 4 11 12 14 12 4 61 12 12 29 17 0 14 65 34 0 22 45 62 100 97 83 72 29 8 16 55 15 93 51 52 21 
29 37 59 5 20 90 16 104 84 65 89 40 93 86 73 73 96 83 109 73 10 103 13 93 81 89 108 81 90 80 88 87 87 101 84 4 82 104 100 84 92 100 94 108 22 88 96 95 106 54 87 34 67 11 45 29 10 22 57 14 2 20 85 8 11 52 88 16 1 12 47 14 1 7 36 56 9 68 27 48 3 0 69 17 54 1 11 95 109 56 46 37 62 64 26 1 15 29 4 25 
0 6 1 11 4 99 81 99 86 74 40 33 22 28 99 105 93 77 105 99 43 99 99 95 89 14 68 39 38 110 93 110 16 97 62 100 64 102 53 88 75 60 88 54 72 9 32 84 22 74 5 16 50 26 1 0 3 9 70 50 43 82 41 27 26 10 53 9 7 29 5 2 42 35 18 33 4 6 65 8 14 1 47 19 25 5 27 82 102 108 19 15 13 26 108 64 7 6 3 36 
0 50 12 53 38 93 84 65 98 25 73 109 108 109 66 103 88 97 108 89 27 95 62 64 86 107 85 70 65 101 105 110 36 40 108 109 69 86 35 72 72 20 69 48 15 51 72 75 69 34 43 32 0 50 61 49 84 41 11 5 0 12 4 53 12 3 61 51 13 12 52 51 17 19 62 17 0 8 15 70 18 20 34 70 3 13 50 97 3 22 2 17 38 51 56 66 75 56 54 14 
2 16 0 83 32 83 80 62 65 93 31 89 95 98 43 82 41 39 72 93 110 105 104 44 66 99 97 66 104 43 83 89 93 66 102 103 56 97 61 99 38 78 84 106 86 70 106 96 91 0 25 35 47 6 26 16 8 0 63 4 58 8 38 15 47 20 70 1 38 81 8 44 23 2 43 8 27 10 31 28 32 44 34 21 13 17 41 99 40 94 65 33 0 22 14 10 35 27 40 23 
33 43 6 91 6 99 98 98 69 84 50 96 90 110 97 92 64 95 57 96 76 46 103 73 50 107 93 102 98 79 96 86 103 49 105 80 96 105 103 89 105 71 40 0 93 54 57 30 18 39 58 39 3 46 69 57 32 9 77 22 28 39 65 24 33 1 98 50 2 25 73 12 34 1 5 5 15 63 13 2 28 78 12 5 19 8 15 4 46 60 78 0 7 80 91 12 92 92 21 84 
15 80 33 104 6 68 68 78 45 74 76 110 34 93 106 66 92 85 100 91 74 93 77 61 97 93 46 75 64 107 16 107 108 104 94 104 104 52 110 108 102 99 68 73 44 90 30 17 58 73 84 30 24 3 31 5 23 75 65 59 49 18 24 44 63 3 69 2 1 6 7 1 5 8 65 0 20 5 0 1 33 33 11 27 17 5 27 8 7 59 57 45 7 104 83 74 18 88 1 20 
36 35 19 90 19 100 79 100 98 110 109 82 104 109 105 98 95 105 70 20 90 57 83 39 60 101 61 91 109 72 97 64 104 102 109 59 101 92 42 72 32 4 11 8 10 44 29 47 42 18 41 11 19 2 47 13 54 1 0 17 56 7 31 1 2 21 55 52 9 5 62 44 19 1 20 5 34 15 2 19 1 14 7 36 10 76 40 50 22 0 42 92 32 75 93 26 9 31 72 50 
69 26 26 82 52 102 59 68 42 23 110 82 51 92 52 110 109 41 104 60 91 26 70 19 96 96 60 61 94 98 109 27 55 54 73 57 51 41 76 37 98 104 56 107 106 44 103 104 110 90 5 65 32 11 30 84 15 16 43 8 11 33 41 22 4 29 40 16 66 44 78 4 40 3 5 9 24 32 27 26 59 3 13 32 36 7 56 38 54 32 13 55 8 67 68 30 18 42 43 35 
18 12 55 56 104 64 84 86 71 94 34 91 71 22 65 86 46 89 98 30 53 76 102 93 101 97 105 90 91 80 63 93 92 64 87 99 94 97 32 28 110 59 67 18 25 21 2 41 2 85 13 21 2 14 1 28 65 13 60 40 19 98 62 43 3 20 77 63 1 74 22 12 0 15 3 2 5 10 24 50 3 5 12 26 55 7 70 27 39 24 9 30 12 64 82 5 17 14 45 57 
22 3 80 103 109 97 81 22 61 108 71 45 39 50 92 86 9 96 38 78 88 45 90 49 102 67 90 73 98 40 108 109 110 95 104 93 87 78 58 74 94 86 93 39 99 89 46 67 81 95 63 31 52 76 8 46 1 1 57 8 4 0 0 59 43 10 10 27 7 7 15 10 0 53 56 26 9 8 10 5 50 6 6 41 0 9 0 9 15 20 32 16 4 109 81 22 39 47 29 2 
10 0 97 81 89 109 78 59 95 51 80 96 107 110 108 98 30 95 50 97 91 97 105 89 99 71 103 42 96 88 99 109 100 95 99 92 40 66 15 95 86 88 97 45 53 45 22 23 47 13 8 64 44 49 25 8 30 24 4 7 35 10 2 6 30 15 5 13 33 12 16 1 73 15 46 12 1 23 7 16 11 22 62 30 21 73 35 28 18 46 22 10 33 58 99 101 15 1 1 21 
60 14 89 61 38 82 100 99 102 92 84 107 61 41 84 32 81 82 65 110 81 27 71 65 67 85 101 62 103 108 99 104 94 96 50 92 54 87 98 105 69 103 61 96 104 70 97 94 109 90 76 16 1 9 40 17 10 39 82 39 0 6 6 8 7 8 34 44 3 6 9 16 82 33 71 0 30 62 7 12 93 21 26 1 9 9 17 16 66 47 13 8 17 2 73 49 2 16 14 21 
8 45 48 80 73 19 75 94 75 96 59 77 28 88 70 51 55 102 96 104 82 94 70 103 67 95 107 68 103 59 97 39 87 106 103 79 56 100 107 91 76 49 109 52 57 75 104 98 11 109 42 35 2 4 75 11 2 62 32 60 15 34 63 3 33 26 5 8 35 55 0 52 9 14 53 7 3 3 21 75 5 53 5 7 0 78 16 28 18 16 13 35 30 52 67 62 10 68 24 29 
37 8 38 58 110 65 100 86 80 75 69 80 100 91 103 85 100 107 45 99 99 101 82 79 53 59 66 75 91 108 98 82 17 39 83 95 89 107 72 45 105 106 106 64 90 104 103 88 21 61 62 9 1 13 36 36 25 40 48 34 23 15 49 42 10 69 26 7 32 0 25 71 21 5 11 2 29 46 18 12 29 3 13 41 8 52 0 0 9 5 35 22 13 18 70 75 44 20 6 6 
83 11 106 79 103 58 49 105 72 53 66 95 84 18 21 64 79 107 104 25 103 104 106 93 105 96 68 31 109 106 79 110 96 56 108 107 98 98 70 66 95 74 95 101 100 98 104 55 38 19 68 45 8 47 42 91 19 9 64 78 11 4 65 8 25 4 14 3 25 12 1 35 14 1 5 54 15 5 17 15 3 27 41 14 1 48 77 5 29 33 61 34 62 3 46 65 79 24 33 17 
56 61 76 64 105 102 81 89 104 108 85 95 97 28 68 93 106 107 63 105 60 87 79 56 109 91 63 93 76 85 48 8 106 70 109 101 94 93 32 86 92 37 22 12 49 21 6 3 6 24 8 9 2 20 9 54 29 53 71 57 1 51 2 13 21 27 50 30 24 15 48 3 38 1 36 5 8 5 17 0 51 51 16 7 5 0 0 5 19 20 61 16 14 2 47 70 4 2 9 25 
1 108 96 103 90 104 90 101 63 90 31 91 77 75 68 101 88 102 109 97 104 93 100 94 73 46 108 27 75 75 93 83 110 103 103 73 30 88 87 91 107 98 74 103 106 74 44 15 42 0 16 50 31 0 2 13 41 31 46 12 20 18 72 32 21 67 23 9 6 13 17 53 57 23 47 61 51 94 19 36 56 2 2 71 15 34 10 58 38 17 0 24 13 13 38 43 23 11 70 28 
12 81 57 47 106 110 39 87 44 85 64 102 69 29 82 66 58 109 99 102 66 93 81 13 84 47 101 65 48 55 38 91 74 110 101 53 83 103 90 103 75 38 101 95 65 80 55 31 10 0 8 7 11 12 48 5 50 67 51 1 9 51 2 19 25 0 5 0 16 13 53 3 7 32 40 42 23 9 5 0 37 74 58 28 29 17 11 2 30 22 16 2 43 9 38 91 28 4 56 3 
0 45 33 99 38 77 53 21 80 105 97 104 81 80 78 81 60 35 87 24 35 104 31 80 100 91 95 103 106 84 70 99 95 62 78 105 107 78 76 70 100 102 102 95 84 82 1 13 10 58 20 37 7 38 26 20 20 43 15 6 29 15 8 40 49 4 14 0 1 61 68 30 3 1 17 3 20 25 31 11 25 1 15 67 21 3 40 6 3 24 45 13 23 61 33 12 12 15 91 5 
11 86 103 99 85 56 55 68 97 107 87 107 63 95 43 6 91 82 49 105 60 76 94 104 72 69 100 94 73 94 107 83 57 107 95 62 101 101 100 79 98 84 90 80 57 13 20 0 3 63 50 14 2 27 60 14 6 7 26 3 99 5 39 4 18 1 1 35 27 79 16 12 26 46 2 1 45 12 18 58 5 2 42 6 4 5 74 46 47 0 3 50 48 14 0 16 21 6 58 25 
48 29 97 67 72 66 88 100 104 108 99 99 107 102 88 100 91 100 76 61 30 102 103 77 71 48 60 65 104 67 96 48 108 108 20 90 85 62 86 35 87 109 62 1 13 67 4 71 56 13 21 3 24 5 43 23 51 0 10 0 57 66 30 6 0 24 1 62 70 10 60 4 24 0 0 46 2 34 10 54 20 44 11 8 20 73 0 13 55 29 53 40 8 15 8 22 9 57 63 37 
110 97 91 74 108 20 28 101 81 28 96 100 83 58 75 95 58 104 99 68 79 63 105 69 108 103 101 100 82 102 82 53 80 90 98 58 83 92 102 105 58 109 73 65 30 96 97 105 50 107 95 7 40 12 6 34 1 14 7 21 16 18 5 10 7 65 3 2 1 44 70 2 8 35 22 21 29 1 90 27 10 14 39 37 48 24 13 17 31 3 65 71 10 13 19 34 43 48 17 0 
104 83 106 107 56 79 49 80 73 79 3 99 94 66 107 78 94 106 103 86 108 108 92 93 109 94 110 95 65 27 83 94 24 97 74 58 34 108 102 94 104 101 100 49 106 96 78 92 15 52 34 24 55 33 30 16 45 75 7 20 70 60 27 10 21 8 10 11 18 48 52 1 73 29 35 7 21 10 25 37 17 14 2 28 4 54 23 18 9 43 21 60 23 7 6 38 21 1 20 2 
58 87 74 98 94 90 106 83 104 101 92 82 39 101 76 102 84 52 65 80 15 64 110 101 93 96 94 85 38 98 54 66 107 63 87 101 95 62 46 11 90 51 85 100 98 14 51 41 66 86 28 11 8 31 9 31 12 34 6 5 2 2 49 79 11 19 7 61 32 5 86 24 13 72 48 4 1 17 28 7 24 33 33 48 29 44 5 3 0 3 8 26 1 0 27 27 3 38 40 11 
57 100 102 61 90 84 91 101 102 101 40 104 42 110 89 72 110 94 107 96 49 79 55 106 103 53 106 50 39 87 94 99 104 99 106 39 88 98 108 110 101 108 96 90 89 55 66 74 105 32 3 24 12 23 22 8 18 18 88 14 43 25 39 36 60 15 1 0 34 5 8 31 12 2 1 3 52 58 39 22 34 20 39 35 12 8 19 17 5 14 4 1 21 29 21 2 6 7 82 3 
102 78 99 108 92 48 59 108 85 69 82 11 57 88 55 63 100 69 68 102 95 86 98 108 95 95 58 79 77 98 31 96 110 97 91 70 69 72 108 102 99 100 108 34 30 5 25 8 7 19 5 8 44 9 19 83 4 67 6 14 2 5 57 25 28 28 43 23 17 4 75 14 7 0 0 3 50 8 40 16 2 6 43 14 17 26 42 66 30 29 12 3 11 2 18 45 60 1 1 66 
90 110 85 103 110 104 65 90 82 41 78 95 25 77 55 81 104 75 80 103 105 87 75 41 46 80 68 105 110 109 84 68 67 63 63 62 45 94 68 99 62 110 102 96 94 87 70 43 17 6 47 93 31 11 33 27 76 12 0 51 7 15 26 9 47 28 10 14 89 10 0 26 22 11 38 10 47 37 8 0 1 31 52 25 12 1 0 5 31 17 0 8 2 12 29 26 36 38 0 16 
63 109 82 50 107 82 91 110 105 95 83 72 96 99 78 65 86 86 66 64 99 100 40 101 26 97 31 87 82 31 43 100 56 55 101 75 49 37 103 13 104 97 51 99 107 91 93 31 67 52 32 71 31 32 8 94 31 0 18 26 16 6 1 34 33 9 16 15 68 27 1 18 2 69 10 5 3 5 8 50 20 22 45 21 35 4 70 16 5 72 11 66 11 3 12 52 11 13 19 8 
103 103 58 58 89 55 45 108 71 89 17 99 83 106 100 81 110 54 35 66 100 92 21 102 101 79 57 82 49 92 99 103 92 93 101 53 105 67 103 70 88 107 93 102 93 107 76 21 109 4 79 80 86 78 104 65 9 82 66 83 59 83 4 7 10 30 41 15 5 0 8 35 2 18 42 11 28 26 55 0 0 40 70 3 73 31 18 2 4 26 5 10 1 4 30 49 2 18 1 51 
104 76 68 93 91 107 69 81 86 73 68 110 109 93 101 102 70 51 74 102 60 78 64 17 90 96 77 81 93 95 71 88 69 48 33 68 63 31 99 76 105 90 59 97 45 80 74 45 100 80 14 24 18 30 8 91 49 17 7 0 57 30 26 18 43 28 37 12 7 2 7 38 43 51 1 5 74 47 5 15 12 8 2 21 5 2 9 23 28 71 8 46 9 5 6 15 9 7 74 1 
91 38 110 94 102 108 60 106 88 80 64 43 110 34 93 99 46 51 95 110 65 105 101 104 79 110 78 67 32 78 101 55 96 106 98 41 99 107 98 92 37 53 90 54 78 96 9 17 30 15 47 17 1 25 39 39 33 10 8 51 1 19 51 16 11 9 25 21 16 15 54 0 46 5 2 22 4 2 21 7 31 1 18 2 4 27 34 25 24 66 36 7 27 43 17 23 19 7 36 54 
97 93 93 80 109 89 84 79 84 66 96 74 102 82 74 77 99 107 38 75 108 25 33 72 110 93 89 82 87 106 66 110 81 98 74 101 83 92 84 61 90 43 3 6 1 39 4 84 27 27 28 29 15 17 23 26 10 7 8 23 14 38 16 19 26 12 8 63 37 85 68 51 3 6 51 7 24 12 1 34 25 22 33 50 0 72 43 17 11 0 0 20 18 36 33 12 12 35 7 11 
74 44 54 89 104 54 108 68 67 45 93 103 83 107 42 93 46 28 98 93 100 100 70 61 108 60 67 100 75 58 101 23 107 54 103 100 24 72 84 106 98 102 101 91 107 31 18 23 13 57 36 63 46 0 17 7 8 80 38 83 1 4 45 53 24 0 66 27 11 45 7 4 24 5 46 8 15 85 18 6 15 55 33 41 14 24 61 1 19 12 13 33 36 13 47 9 56 19 61 26 
CORRECT