Puzzle #1:
TV TS RS 
RC SS RV 
SC SV TC 

Puzzle #2:
TC SC SS 
RV RC SV 
TS TV RS 

Puzzle #3:
TS RV SS 
TC SV RC 
TV RS SC 

Puzzle #4:
TC SS SV 
TS TV SC 
RS RV RC 

Puzzle #5:
SS SC TV 
TS RS SV 
RV RC TC 

Puzzle #6:
SS RV TS 
SV RC TV 
RS TC SC 

Puzzle #7:
TS RV SC 
TC RS SS 
SV RC TV 

Puzzle #8:
TV RS TS 
SV SC RC 
SS RV TC 

Puzzle #9:
RV SS RS 
TV TS TC 
RC SV SC 

Puzzle #10:
SC RC TV 
SS TS TC 
SV RS RV 

Puzzle #11:
TC RC RS 
TS SC SS 
SV RV TV 

Puzzle #12:
RV TC RS 
TV RC TS 
SS SV SC 

Puzzle #13:
RV SC TS 
TC SS SV 
RC RS TV 

Puzzle #14:
SS RC SC 
TS SV TV 
TC RV RS 

Puzzle #15:
TV SV SS 
RV SC RC 
TS TC RS 

Puzzle #16:
SV SS TS 
TV TC RC 
RV SC RS 

Puzzle #17:
TV TS RC 
SC TC RV 
SS RS SV 

Puzzle #18:
RC SC SS 
TV SV RS 
TC TS RV 

Puzzle #19:
SV RV RC 
SC TC RS 
TV TS SS 

Puzzle #20:
SC TS RV 
SV TC RS 
SS TV RC 

Puzzle #21:
SV RV SC 
TC SS TS 
TV RS RC 

Puzzle #22:
SV RS RC 
TC TS SC 
TV SS RV 

Puzzle #23:
RS SC SS 
TS RC TV 
RV SV TC 

Puzzle #24:
SC RS SS 
RV TS RC 
TC SV TV 

Puzzle #25:
SC TS RS 
TC SV RV 
TV SS RC 

Puzzle #26:
TV RS TS 
SC SV TC 
SS RV RC 

Puzzle #27:
TC TS SV 
RC SS TV 
RV RS SC 

Puzzle #28:
TV TC RV 
SS SC RS 
TS SV RC 

Puzzle #29:
SV TS TC 
RC SC RV 
SS TV RS 

Puzzle #30:
RS RV RC 
SS TC TS 
SV TV SC 

Puzzle #31:
RC SC TS 
SS TV SV 
RS TC RV 

Puzzle #32:
TC TS RS 
SS TV RC 
SC SV RV 

Puzzle #33:
SV TS TV 
RC SS TC 
RV RS SC 

Puzzle #34:
TC RV SV 
SC TS SS 
TV RC RS 

Puzzle #35:
TV SV TS 
RS RC SS 
SC RV TC 

Puzzle #36:
TC SS RV 
TV SV RC 
TS RS SC 

Puzzle #37:
RS SS TV 
RV SV SC 
RC TC TS 

Puzzle #38:
RV SS SC 
RC TS RS 
SV TC TV 

Puzzle #39:
TS TV SS 
RC RV RS 
SV SC TC 

Puzzle #40:
RC TC RS 
SS RV TS 
SV TV SC 

Puzzle #41:
TC SC SS 
RV RC SV 
TS TV RS 

Puzzle #42:
TC SC SS 
RV RC SV 
TS TV RS 

Puzzle #43:
TC SC SS 
RV RC SV 
TS TV RS 

Puzzle #44:
TC SC SS 
RV RC SV 
TS TV RS 

Puzzle #45:
TC SC SS 
RV RC SV 
TS TV RS 

Puzzle #46:
TC SC SS 
RV RC SV 
TS TV RS 

Puzzle #47:
TC SC SS 
RV RC SV 
TS TV RS 

Puzzle #48:
TC SC SS 
RV RC SV 
TS TV RS 

Puzzle #49:
TC SC SS 
RV RC SV 
TS TV RS 

Puzzle #50:
TC SC SS 
RV RC SV 
TS TV RS 
