1 1
1 0
1 0
1 0
1 0
1 0
1 0
1 0
1 0
1 0
1 0
1 0
1 0
1 0
1 0
2 3
3 0
3 0
3 0
3 0
3 0
3 0
3 0
11 0
11 0
11 0
14 0
14 0
14 0
3 3
4 1
3 0
3 0
3 0
3 0
3 0
11 0
11 0
11 0
14 0
14 0
14 0
5 3
5 2
5 1
5 0
5 0
5 0
11 0
11 0
11 0
14 0
14 0
14 0
5 2
5 1
5 0
5 0
5 0
11 0
11 0
11 0
14 0
14 0
14 0
7 2
8 1
8 1
8 1
11 0
11 0
11 0
14 0
14 0
14 0
8 2
8 1
8 1
11 0
11 0
11 0
14 0
14 0
14 0
8 2
8 1
11 0
11 0
11 0
14 0
14 0
14 0
9 3
11 1
11 1
11 1
14 0
14 0
14 0
11 3
11 1
11 1
14 0
14 0
14 0
12 2
11 1
14 0
14 0
14 0
12 4
14 1
14 0
14 0
14 4
13 1
13 1
14 3
14 1
16 3
