10001
1
2
3
4
5
6
7
8
9
10
11
12
13
14
15
16
17
18
19
20
21
22
23
24
25
26
27
28
29
30
31
32
33
34
35
36
37
38
39
40
41
42
43
44
45
46
47
48
49
50
51
52
53
54
55
56
57
58
59
60
61
62
63
64
65
66
67
68
69
70
71
72
73
74
75
76
77
78
79
80
81
82
83
84
85
86
87
88
89
90
91
92
93
94
95
96
97
98
99
100
101
102
103
104
105
106
107
108
109
110
111
112
113
114
115
116
117
118
119
120
121
122
123
124
125
126
127
128
129
130
131
132
133
134
135
136
137
138
139
140
141
142
143
144
145
146
147
148
149
150
151
152
153
154
155
156
157
158
159
160
161
162
163
164
165
166
167
168
169
170
171
172
173
174
175
176
177
178
179
180
181
182
183
184
185
186
187
188
189
190
191
192
193
194
195
196
197
198
199
200
201
202
203
204
205
206
207
208
209
210
211
212
213
214
215
216
217
218
219
220
221
222
223
224
225
226
227
228
229
230
231
232
233
234
235
236
237
238
239
240
241
242
243
244
245
246
247
248
249
250
251
252
253
254
255
256
257
258
259
260
261
262
263
264
265
266
267
268
269
270
271
272
273
274
275
276
277
278
279
280
281
282
283
284
285
286
287
288
289
290
291
292
293
294
295
296
297
298
299
300
301
302
303
304
305
306
307
308
309
310
311
312
313
314
315
316
317
318
319
320
321
322
323
324
325
326
327
328
329
330
331
332
333
334
335
336
337
338
339
340
341
342
343
344
345
346
347
348
349
350
351
352
353
354
355
356
357
358
359
360
361
362
363
364
365
366
367
368
369
370
371
372
373
374
375
376
377
378
379
380
381
382
383
384
385
386
387
388
389
390
391
392
393
394
395
396
397
398
399
400
401
402
403
404
405
406
407
408
409
410
411
412
413
414
415
416
417
418
419
420
421
422
423
424
425
426
427
428
429
430
431
432
433
434
435
436
437
438
439
440
441
442
443
444
445
446
447
448
449
450
451
452
453
454
455
456
457
458
459
460
461
462
463
464
465
466
467
468
469
470
471
472
473
474
475
476
477
478
479
480
481
482
483
484
485
486
487
488
489
490
491
492
493
494
495
496
497
498
499
500
501
502
503
504
505
506
507
508
509
510
511
512
513
514
515
516
517
518
519
520
521
522
523
524
525
526
527
528
529
530
531
532
533
534
535
536
537
538
539
540
541
542
543
544
545
546
547
548
549
550
551
552
553
554
555
556
557
558
559
560
561
562
563
564
565
566
567
568
569
570
571
572
573
574
575
576
577
578
579
580
581
582
583
584
585
586
587
588
589
590
591
592
593
594
595
596
597
598
599
600
601
602
603
604
605
606
607
608
609
610
611
612
613
614
615
616
617
618
619
620
621
622
623
624
625
626
627
628
629
630
631
632
633
634
635
636
637
638
639
640
641
642
643
644
645
646
647
648
649
650
651
652
653
654
655
656
657
658
659
660
661
662
663
664
665
666
667
668
669
670
671
672
673
674
675
676
677
678
679
680
681
682
683
684
685
686
687
688
689
690
691
692
693
694
695
696
697
698
699
700
701
702
703
704
705
706
707
708
709
710
711
712
713
714
715
716
717
718
719
720
721
722
723
724
725
726
727
728
729
730
731
732
733
734
735
736
737
738
739
740
741
742
743
744
745
746
747
748
749
750
751
752
753
754
755
756
757
758
759
760
761
762
763
764
765
766
767
768
769
770
771
772
773
774
775
776
777
778
779
780
781
782
783
784
785
786
787
788
789
790
791
792
793
794
795
796
797
798
799
800
801
802
803
804
805
806
807
808
809
810
811
812
813
814
815
816
817
818
819
820
821
822
823
824
825
826
827
828
829
830
831
832
833
834
835
836
837
838
839
840
841
842
843
844
845
846
847
848
849
850
851
852
853
854
855
856
857
858
859
860
861
862
863
864
865
866
867
868
869
870
871
872
873
874
875
876
877
878
879
880
881
882
883
884
885
886
887
888
889
890
891
892
893
894
895
896
897
898
899
900
901
902
903
904
905
906
907
908
909
910
911
912
913
914
915
916
917
918
919
920
921
922
923
924
925
926
927
928
929
930
931
932
933
934
935
936
937
938
939
940
941
942
943
944
945
946
947
948
949
950
951
952
953
954
955
956
957
958
959
960
961
962
963
964
965
966
967
968
969
970
971
972
973
974
975
976
977
978
979
980
981
982
983
984
985
986
987
988
989
990
991
992
993
994
995
996
997
998
999
1000
1001
1002
1003
1004
1005
1006
1007
1008
1009
1010
1011
1012
1013
1014
1015
1016
1017
1018
1019
1020
1021
1022
1023
1024
1025
1026
1027
1028
1029
1030
1031
1032
1033
1034
1035
1036
1037
1038
1039
1040
1041
1042
1043
1044
1045
1046
1047
1048
1049
1050
1051
1052
1053
1054
1055
1056
1057
1058
1059
1060
1061
1062
1063
1064
1065
1066
1067
1068
1069
1070
1071
1072
1073
1074
1075
1076
1077
1078
1079
1080
1081
1082
1083
1084
1085
1086
1087
1088
1089
1090
1091
1092
1093
1094
1095
1096
1097
1098
1099
1100
1101
1102
1103
1104
1105
1106
1107
1108
1109
1110
1111
1112
1113
1114
1115
1116
1117
1118
1119
1120
1121
1122
1123
1124
1125
1126
1127
1128
1129
1130
1131
1132
1133
1134
1135
1136
1137
1138
1139
1140
1141
1142
1143
1144
1145
1146
1147
1148
1149
1150
1151
1152
1153
1154
1155
1156
1157
1158
1159
1160
1161
1162
1163
1164
1165
1166
1167
1168
1169
1170
1171
1172
1173
1174
1175
1176
1177
1178
1179
1180
1181
1182
1183
1184
1185
1186
1187
1188
1189
1190
1191
1192
1193
1194
1195
1196
1197
1198
1199
1200
1201
1202
1203
1204
1205
1206
1207
1208
1209
1210
1211
1212
1213
1214
1215
1216
1217
1218
1219
1220
1221
1222
1223
1224
1225
1226
1227
1228
1229
1230
1231
1232
1233
1234
1235
1236
1237
1238
1239
1240
1241
1242
1243
1244
1245
1246
1247
1248
1249
1250
1251
1252
1253
1254
1255
1256
1257
1258
1259
1260
1261
1262
1263
1264
1265
1266
1267
1268
1269
1270
1271
1272
1273
1274
1275
1276
1277
1278
1279
1280
1281
1282
1283
1284
1285
1286
1287
1288
1289
1290
1291
1292
1293
1294
1295
1296
1297
1298
1299
1300
1301
1302
1303
1304
1305
1306
1307
1308
1309
1310
1311
1312
1313
1314
1315
1316
1317
1318
1319
1320
1321
1322
1323
1324
1325
1326
1327
1328
1329
1330
1331
1332
1333
1334
1335
1336
1337
1338
1339
1340
1341
1342
1343
1344
1345
1346
1347
1348
1349
1350
1351
1352
1353
1354
1355
1356
1357
1358
1359
1360
1361
1362
1363
1364
1365
1366
1367
1368
1369
1370
1371
1372
1373
1374
1375
1376
1377
1378
1379
1380
1381
1382
1383
1384
1385
1386
1387
1388
1389
1390
1391
1392
1393
1394
1395
1396
1397
1398
1399
1400
1401
1402
1403
1404
1405
1406
1407
1408
1409
1410
1411
1412
1413
1414
1415
1416
1417
1418
1419
1420
1421
1422
1423
1424
1425
1426
1427
1428
1429
1430
1431
1432
1433
1434
1435
1436
1437
1438
1439
1440
1441
1442
1443
1444
1445
1446
1447
1448
1449
1450
1451
1452
1453
1454
1455
1456
1457
1458
1459
1460
1461
1462
1463
1464
1465
1466
1467
1468
1469
1470
1471
1472
1473
1474
1475
1476
1477
1478
1479
1480
1481
1482
1483
1484
1485
1486
1487
1488
1489
1490
1491
1492
1493
1494
1495
1496
1497
1498
1499
1500
1501
1502
1503
1504
1505
1506
1507
1508
1509
1510
1511
1512
1513
1514
1515
1516
1517
1518
1519
1520
1521
1522
1523
1524
1525
1526
1527
1528
1529
1530
1531
1532
1533
1534
1535
1536
1537
1538
1539
1540
1541
1542
1543
1544
1545
1546
1547
1548
1549
1550
1551
1552
1553
1554
1555
1556
1557
1558
1559
1560
1561
1562
1563
1564
1565
1566
1567
1568
1569
1570
1571
1572
1573
1574
1575
1576
1577
1578
1579
1580
1581
1582
1583
1584
1585
1586
1587
1588
1589
1590
1591
1592
1593
1594
1595
1596
1597
1598
1599
1600
1601
1602
1603
1604
1605
1606
1607
1608
1609
1610
1611
1612
1613
1614
1615
1616
1617
1618
1619
1620
1621
1622
1623
1624
1625
1626
1627
1628
1629
1630
1631
1632
1633
1634
1635
1636
1637
1638
1639
1640
1641
1642
1643
1644
1645
1646
1647
1648
1649
1650
1651
1652
1653
1654
1655
1656
1657
1658
1659
1660
1661
1662
1663
1664
1665
1666
1667
1668
1669
1670
1671
1672
1673
1674
1675
1676
1677
1678
1679
1680
1681
1682
1683
1684
1685
1686
1687
1688
1689
1690
1691
1692
1693
1694
1695
1696
1697
1698
1699
1700
1701
1702
1703
1704
1705
1706
1707
1708
1709
1710
1711
1712
1713
1714
1715
1716
1717
1718
1719
1720
1721
1722
1723
1724
1725
1726
1727
1728
1729
1730
1731
1732
1733
1734
1735
1736
1737
1738
1739
1740
1741
1742
1743
1744
1745
1746
1747
1748
1749
1750
1751
1752
1753
1754
1755
1756
1757
1758
1759
1760
1761
1762
1763
1764
1765
1766
1767
1768
1769
1770
1771
1772
1773
1774
1775
1776
1777
1778
1779
1780
1781
1782
1783
1784
1785
1786
1787
1788
1789
1790
1791
1792
1793
1794
1795
1796
1797
1798
1799
1800
1801
1802
1803
1804
1805
1806
1807
1808
1809
1810
1811
1812
1813
1814
1815
1816
1817
1818
1819
1820
1821
1822
1823
1824
1825
1826
1827
1828
1829
1830
1831
1832
1833
1834
1835
1836
1837
1838
1839
1840
1841
1842
1843
1844
1845
1846
1847
1848
1849
1850
1851
1852
1853
1854
1855
1856
1857
1858
1859
1860
1861
1862
1863
1864
1865
1866
1867
1868
1869
1870
1871
1872
1873
1874
1875
1876
1877
1878
1879
1880
1881
1882
1883
1884
1885
1886
1887
1888
1889
1890
1891
1892
1893
1894
1895
1896
1897
1898
1899
1900
1901
1902
1903
1904
1905
1906
1907
1908
1909
1910
1911
1912
1913
1914
1915
1916
1917
1918
1919
1920
1921
1922
1923
1924
1925
1926
1927
1928
1929
1930
1931
1932
1933
1934
1935
1936
1937
1938
1939
1940
1941
1942
1943
1944
1945
1946
1947
1948
1949
1950
1951
1952
1953
1954
1955
1956
1957
1958
1959
1960
1961
1962
1963
1964
1965
1966
1967
1968
1969
1970
1971
1972
1973
1974
1975
1976
1977
1978
1979
1980
1981
1982
1983
1984
1985
1986
1987
1988
1989
1990
1991
1992
1993
1994
1995
1996
1997
1998
1999
2001
2002
2003
2004
2005
2006
2007
2008
2009
2010
2011
2012
2013
2014
2015
2016
2017
2018
2019
2020
2021
2022
2023
2024
2025
2026
2027
2028
2029
2030
2031
2032
2033
2034
2035
2036
2037
2038
2039
2040
2041
2042
2043
2044
2046
2047
2048
2049
2050
2051
2052
2053
2054
2055
2056
2057
2058
2059
2060
2061
2062
2063
2065
2066
2067
2068
2069
2070
2071
2072
2073
2074
2075
2076
2077
2079
2080
2081
2082
2083
2084
2085
2086
2087
2088
2089
2090
2092
2093
2094
2095
2096
2097
2098
2099
2100
2101
2103
2104
2105
2106
2107
2108
2109
2110
2111
2113
2114
2115
2116
2117
2118
2119
2120
2122
2123
2124
2125
2126
2127
2128
2129
2131
2132
2133
2134
2135
2136
2137
2139
2140
2141
2142
2143
2144
2145
2147
2148
2149
2150
2151
2152
2154
2155
2156
2157
2158
2159
2160
2162
2163
2164
2165
2166
2168
2169
2170
2171
2172
2173
2175
2176
2177
2178
2179
2181
2182
2183
2184
2185
2186
2188
2189
2190
2191
2192
2194
2195
2196
2197
2199
2200
2201
2202
2203
2205
2206
2207
2208
2209
2211
2212
2213
2214
2216
2217
2218
2219
2220
2222
2223
2224
2225
2227
2228
2229
2230
2232
2233
2234
2235
2237
2238
2239
2240
2242
2243
2244
2245
2247
2248
2249
2250
2252
2253
2254
2256
2257
2258
2259
2261
2262
2263
2265
2266
2267
2268
2270
2271
2272
2274
2275
2276
2277
2279
2280
2281
2283
2284
2285
2287
2288
2289
2290
2292
2293
2294
2296
2297
2298
2300
2301
2302
2304
2305
2306
2308
2309
2310
2312
2313
2314
2316
2317
2318
2320
2321
2322
2324
2325
2326
2328
2329
2331
2332
2333
2335
2336
2337
2339
2340
2341
2343
2344
2346
2347
2348
2350
2351
2352
2354
2355
2357
2358
2359
2361
2362
2364
2365
2366
2368
2369
2371
2372
2373
2375
2376
2378
2379
2380
2382
2383
2385
2386
2388
2389
2390
2392
2393
2395
2396
2398
2399
2400
2402
2403
2405
2406
2408
2409
2411
2412
2414
2415
2416
2418
2419
2421
2422
2424
2425
2427
2428
2430
2431
2433
2434
2436
2437
2439
2440
2442
2443
2444
2446
2447
2449
2450
2452
2453
2455
2457
2458
2460
2461
2463
2464
2466
2467
2469
2470
2472
2473
2475
2476
2478
2479
2481
2482
2484
2486
2487
2489
2490
2492
2493
2495
2496
2498
2499
2501
2503
2504
2506
2507
2509
2510
2512
2514
2515
2517
2518
2520
2522
2523
2525
2526
2528
2530
2531
2533
2534
2536
2538
2539
2541
2542
2544
2546
2547
2549
2551
2552
2554
2555
2557
2559
2560
2562
2564
2565
2567
2569
2570
2572
2574
2575
2577
2578
2580
2582
2583
2585
2587
2588
2590
2592
2594
2595
2597
2599
2600
2602
2604
2605
2607
2609
2610
2612
2614
2616
2617
2619
2621
2622
2624
2626
2628
2629
2631
2633
2635
2636
2638
2640
2642
2643
2645
2647
2649
2650
2652
2654
2656
2657
2659
2661
2663
2664
2666
2668
2670
2672
2673
2675
2677
2679
2680
2682
2684
2686
2688
2689
2691
2693
2695
2697
2699
2700
2702
2704
2706
2708
2710
2711
2713
2715
2717
2719
2721
2722
2724
2726
2728
2730
2732
2734
2735
2737
2739
2741
2743
2745
2747
2749
2751
2752
2754
2756
2758
2760
2762
2764
2766
2768
2770
2772
2773
2775
2777
2779
2781
2783
2785
2787
2789
2791
2793
2795
2797
2799
2801
2803
2805
2807
2808
2810
2812
2814
2816
2818
2820
2822
2824
2826
2828
2830
2832
2834
2836
2838
2840
2842
2844
2846
2849
2851
2853
2855
2857
2859
2861
2863
2865
2867
2869
2871
2873
2875
2877
2879
2881
2883
2886
2888
2890
2892
2894
2896
2898
2900
2902
2904
2906
2909
2911
2913
2915
2917
2919
2921
2923
2926
2928
2930
2932
2934
2936
2939
2941
2943
2945
2947
2949
2952
2954
2956
2958
2960
2962
2965
2967
2969
2971
2973
2976
2978
2980
2982
2985
2987
2989
2991
2994
2996
2998
3000
3003
3005
3007
3009
3012
3014
3016
3018
3021
3023
3025
3028
3030
3032
3034
3037
3039
3041
3044
3046
3048
3051
3053
3055
3058
3060
3062
3065
3067
3069
3072
3074
3076
3079
3081
3084
3086
3088
3091
3093
3095
3098
3100
3103
3105
3108
3110
3112
3115
3117
3120
3122
3124
3127
3129
3132
3134
3137
3139
3142
3144
3147
3149
3152
3154
3157
3159
3162
3164
3167
3169
3172
3174
3177
3179
3182
3184
3187
3189
3192
3194
3197
3199
3202
3205
3207
3210
3212
3215
3218
3220
3223
3225
3228
3231
3233
3236
3238
3241
3244
3246
3249
3252
3254
3257
3259
3262
3265
3267
3270
3273
3276
3278
3281
3284
3286
3289
3292
3294
3297
3300
3303
3305
3308
3311
3314
3316
3319
3322
3325
3327
3330
3333
3336
3338
3341
3344
3347
3350
3352
3355
3358
3361
3364
3367
3369
3372
3375
3378
3381
3384
3386
3389
3392
3395
3398
3401
3404
3407
3410
3412
3415
3418
3421
3424
3427
3430
3433
3436
3439
3442
3445
3448
3451
3454
3457
3460
3463
3466
3469
3472
3475
3478
3481
3484
3487
3490
3493
3496
3499
3502
3505
3508
3511
3514
3518
3521
3524
3527
3530
3533
3536
3539
3542
3546
3549
3552
3555
3558
3561
3565
3568
3571
3574
3577
3581
3584
3587
3590
3593
3597
3600
3603
3606
3610
3613
3616
3619
3623
3626
3629
3633
3636
3639
3642
3646
3649
3652
3656
3659
3663
3666
3669
3673
3676
3679
3683
3686
3690
3693
3696
3700
3703
3707
3710
3714
3717
3720
3724
3727
3731
3734
3738
3741
3745
3748
3752
3755
3759
3762
3766
3770
3773
3777
3780
3784
3787
3791
3795
3798
3802
3805
3809
3813
3816
3820
3824
3827
3831
3835
3838
3842
3846
3849
3853
3857
3861
3864
3868
3872
3875
3879
3883
3887
3891
3894
3898
3902
3906
3910
3913
3917
3921
3925
3929
3933
3937
3940
3944
3948
3952
3956
3960
3964
3968
3972
3976
3980
3984
3988
3992
3996
3999
4004
4008
4012
4016
4020
4024
4028
4032
4036
4040
4044
4048
4052
4056
4060
4065
4069
4073
4077
4081
4085
4089
4094
4098
4102
4106
4110
4115
4119
4123
4127
4132
4136
4140
4145
4149
4153
4158
4162
4166
4171
4175
4179
4184
4188
4192
4197
4201
4206
4210
4214
4219
4223
4228
4232
4237
4241
4246
4250
4255
4259
4264
4268
4273
4278
4282
4287
4291
4296
4301
4305
4310
4314
4319
4324
4329
4333
4338
4343
4347
4352
4357
4362
4366
4371
4376
4381
4385
4390
4395
4400
4405
4410
4415
4419
4424
4429
4434
4439
4444
4449
4454
4459
4464
4469
4474
4479
4484
4489
4494
4499
4504
4509
4514
4519
4524
4530
4535
4540
4545
4550
4555
4561
4566
4571
4576
4581
4587
4592
4597
4602
4608
4613
4618
4624
4629
4634
4640
4645
4651
4656
4662
4667
4672
4678
4683
4689
4694
4700
4705
4711
4716
4722
4728
4733
4739
4744
4750
4756
4761
4767
4773
4778
4784
4790
4796
4801
4807
4813
4819
4825
4830
4836
4842
4848
4854
4860
4866
4872
4878
4884
4889
4895
4901
4907
4914
4920
4926
4932
4938
4944
4950
4956
4962
4968
4975
4981
4987
4993
4999
5006
5012
5018
5025
5031
5037
5044
5050
5056
5063
5069
5076
5082
5089
5095
5102
5108
5115
5121
5128
5134
5141
5148
5154
5161
5167
5174
5181
5188
5194
5201
5208
5215
5221
5228
5235
5242
5249
5256
5263
5270
5277
5284
5291
5298
5305
5312
5319
5326
5333
5340
5347
5354
5361
5369
5376
5383
5390
5398
5405
5412
5420
5427
5434
5442
5449
5457
5464
5471
5479
5486
5494
5502
5509
5517
5524
5532
5540
5547
5555
5563
5571
5578
5586
5594
5602
5610
5617
5625
5633
5641
5649
5657
5665
5673
5681
5689
5698
5706
5714
5722
5730
5738
5747
5755
5763
5772
5780
5788
5797
5805
5813
5822
5830
5839
5847
5856
5865
5873
5882
5891
5899
5908
5917
5925
5934
5943
5952
5961
5970
5979
5988
5997
6006
6015
6024
6033
6042
6051
6060
6069
6079
6088
6097
6106
6116
6125
6134
6144
6153
6163
6172
6182
6191
6201
6211
6220
6230
6240
6249
6259
6269
6279
6289
6299
6309
6319
6329
6339
6349
6359
6369
6379
6389
6399
6410
6420
6430
6441
6451
6462
6472
6482
6493
6504
6514
6525
6535
6546
6557
6568
6578
6589
6600
6611
6622
6633
6644
6655
6666
6677
6688
6700
6711
6722
6734
6745
6756
6768
6779
6791
6802
6814
6825
6837
6849
6861
6872
6884
6896
6908
6920
6932
6944
6956
6968
6980
6993
7005
7017
7029
7042
7054
7067
7079
7092
7104
7117
7130
7142
7155
7168
7181
7194
7207
7220
7233
7246
7259
7272
7285
7299
7312
7326
7339
7352
7366
7380
7393
7407
7421
7434
7448
7462
7476
7490
7504
7518
7532
7547
7561
7575
7590
7604
7619
7633
7648
7662
7677
7692
7707
7722
7736
7751
7766
7782
7797
7812
7827
7843
7858
7874
7889
7905
7920
7936
7952
7968
7984
7999
8016
8032
8048
8064
8080
8097
8113
8130
8146
8163
8179
8196
8213
8230
8247
8264
8281
8298
8316
8333
8350
8368
8385
8403
8421
8438
8456
8474
8492
8510
8528
8547
8565
8583
8602
8620
8639
8658
8676
8695
8714
8733
8752
8771
8791
8810
8830
8849
8869
8888
8908
8928
8948
8968
8988
9009
9029
9049
9070
9090
9111
9132
9153
9174
9195
9216
9237
9259
9280
9302
9324
9345
9367
9389
9411
9433
9456
9478
9501
9523
9546
9569
9592
9615
9638
9661
9685
9708
9732
9756
9779
9803
9828
9852
9876
9900
9925
9950
9975
9999
10025
10050
10075
10101
10126
10152
10178
10204
10230
10256
10282
10309
10335
10362
10389
10416
10443
10471
10498
10526
10554
10582
10610
10638
10666
10695
10723
10752
10781
10810
10840
10869
10899
10928
10958
10989
11019
11049
11080
11111
11142
11173
11204
11235
11267
11299
11331
11363
11396
11428
11461
11494
11527
11560
11594
11627
11661
11695
11730
11764
11799
11834
11869
11904
11940
11976
12012
12048
12084
12121
12158
12195
12232
12269
12307
12345
12383
12422
12461
12499
12539
12578
12618
12658
12698
12738
12779
12820
12861
12903
12944
12987
13029
13071
13114
13157
13201
13245
13289
13333
13377
13422
13468
13513
13559
13605
13651
13698
13745
13793
13840
13888
13937
13986
14035
14084
14134
14184
14234
14285
14336
14388
14440
14492
14545
14598
14652
14705
14760
14814
14869
14925
14981
15037
15094
15151
15209
15267
15325
15384
15444
15503
15564
15624
15686
15748
15810
15873
15936
15999
16064
16129
16194
16260
16326
16393
16460
16528
16597
16666
16736
16806
16877
16949
17021
17094
17167
17241
17316
17391
17467
17543
17621
17699
17777
17857
17937
18018
18099
18181
18264
18348
18433
18518
18604
18691
18779
18867
18957
19047
19138
19230
19323
19417
19512
19607
19704
19801
19900
19999
20100
20202
20304
20408
20512
20618
20725
20833
20942
21052
21164
21276
21390
21505
21621
21739
21857
21978
22099
22222
22346
22471
22598
22727
22857
22988
23121
23255
23391
23529
23668
23809
23952
24096
24242
24390
24539
24691
24844
24999
25157
25316
25477
25641
25806
25974
26143
26315
26490
26666
26845
27027
27210
27397
27586
27777
27972
28169
28368
28571
28776
28985
29197
29411
29629
29850
30075
30303
30534
30769
31007
31249
31496
31746
31999
32258
32520
32786
33057
33333
33613
33898
34188
34482
34782
35087
35398
35714
36036
36363
36697
37037
37383
37735
38095
38461
38834
39215
39603
39999
40404
40816
41237
41666
42105
42553
43010
43478
43956
44444
44943
45454
45977
46511
47058
47619
48192
48780
49382
49999
50632
51282
51948
52631
53333
54054
54794
55555
56338
57142
57971
58823
59701
60606
61538
62499
63492
64516
65573
66666
67796
68965
70175
71428
72727
74074
75471
76923
78431
79999
81632
83333
85106
86956
88888
90909
93023
95238
97560
99999
102564
105263
108108
111111
114285
117647
121212
124999
129032
133333
137931
142857
148148
153846
159999
166666
173913
181818
190476
199999
210526
222222
235294
249999
266666
285714
307692
333333
363636
399999
444444
499999
571428
666666
799999
999999
1333333
1999999
3999999
